# JRE version: OpenJDK Runtime Environment (21.0.10) (build 21.0.10+-14961533-b1163.108)
# Java VM: OpenJDK 64-Bit Server VM (21.0.10+-14961533-b1163.108, mixed mode, tiered, compressed oops, compressed class ptrs, g1 gc, windows-amd64)
GC Precious Log:
 CardTable entry size: 512
 Card Set container configuration: InlinePtr #cards 4 size 8 Array Of Cards #cards 32 size 80 Howl #buckets 8 coarsen threshold 7372 Howl Bitmap #cards 1024 size 144 coarsen threshold 921 Card regions per heap region 1 cards per card region 8192
 CPUs: 16 total, 16 available
 Memory: 14188M
 Large Page Support: Disabled
 NUMA Support: Disabled
 Compressed Oops: Enabled (Zero based)
 Heap Region Size: 4M
 Heap Min Capacity: 8M
 Heap Initial Capacity: 224M
 Heap Max Capacity: 8G
 Pre-touch: Disabled
 Parallel Workers: 13
 Concurrent Workers: 3
 Concurrent Refinement Workers: 13
 Periodic GC: Disabled
Heap:
 garbage-first heap   total 868352K, used 385154K [0x0000000600000000, 0x0000000800000000)
  region size 4096K, 7 young (28672K), 7 survivors (28672K)
 Metaspace       used 240424K, committed 243968K, reserved 1310720K
  class space    used 30539K, committed 32192K, reserved 1048576K
GC Heap History (20 events):
Event: 6514.896 GC heap after
{Heap after GC invocations=181 (full 0):
 garbage-first heap   total 847872K, used 288410K [0x0000000600000000, 0x0000000800000000)
  region size 4096K, 3 young (12288K), 3 survivors (12288K)
 Metaspace       used 234613K, committed 237504K, reserved 1310720K
  class space    used 29903K, committed 31296K, reserved 1048576K
}
Event: 6521.627 GC heap before
{Heap before GC invocations=181 (full 0):
 garbage-first heap   total 847872K, used 784026K [0x0000000600000000, 0x0000000800000000)
  region size 4096K, 124 young (507904K), 3 survivors (12288K)
 Metaspace       used 238973K, committed 242112K, reserved 1310720K
  class space    used 30479K, committed 32000K, reserved 1048576K
}
Event: 6521.647 GC heap after
{Heap after GC invocations=182 (full 0):
 garbage-first heap   total 847872K, used 299397K [0x0000000600000000, 0x0000000800000000)
  region size 4096K, 6 young (24576K), 6 survivors (24576K)
 Metaspace       used 238973K, committed 242112K, reserved 1310720K
  class space    used 30479K, committed 32000K, reserved 1048576K
}
Event: 6536.489 GC heap before
{Heap before GC invocations=183 (full 0):
 garbage-first heap   total 847872K, used 795013K [0x0000000600000000, 0x0000000800000000)
  region size 4096K, 124 young (507904K), 6 survivors (24576K)
 Metaspace       used 240619K, committed 243904K, reserved 1310720K
  class space    used 30630K, committed 32192K, reserved 1048576K
}
Event: 6536.553 GC heap after
{Heap after GC invocations=184 (full 0):
 garbage-first heap   total 868352K, used 347359K [0x0000000600000000, 0x0000000800000000)
  region size 4096K, 16 young (65536K), 16 survivors (65536K)
 Metaspace       used 240619K, committed 243904K, reserved 1310720K
  class space    used 30630K, committed 32192K, reserved 1048576K
}
Event: 6536.684 GC heap before
{Heap before GC invocations=184 (full 0):
 garbage-first heap   total 868352K, used 351455K [0x0000000600000000, 0x0000000800000000)
  region size 4096K, 17 young (69632K), 16 survivors (65536K)
 Metaspace       used 240619K, committed 243904K, reserved 1310720K
  class space    used 30630K, committed 32192K, reserved 1048576K
}
Event: 6536.726 GC heap after
{Heap after GC invocations=185 (full 0):
 garbage-first heap   total 868352K, used 352198K [0x0000000600000000, 0x0000000800000000)
  region size 4096K, 3 young (12288K), 3 survivors (12288K)
 Metaspace       used 240619K, committed 243904K, reserved 1310720K
  class space    used 30630K, committed 32192K, reserved 1048576K
}
Event: 6564.456 GC heap before
{Heap before GC invocations=185 (full 0):
 garbage-first heap   total 868352K, used 786374K [0x0000000600000000, 0x0000000800000000)
  region size 4096K, 110 young (450560K), 3 survivors (12288K)
 Metaspace       used 240746K, committed 243968K, reserved 1310720K
  class space    used 30631K, committed 32192K, reserved 1048576K
}
Event: 6564.470 GC heap after
{Heap after GC invocations=186 (full 0):
 garbage-first heap   total 868352K, used 355589K [0x0000000600000000, 0x0000000800000000)
  region size 4096K, 5 young (20480K), 5 survivors (20480K)
 Metaspace       used 240746K, committed 243968K, reserved 1310720K
  class space    used 30631K, committed 32192K, reserved 1048576K
}
Event: 6571.367 GC heap before
{Heap before GC invocations=186 (full 0):
 garbage-first heap   total 868352K, used 789765K [0x0000000600000000, 0x0000000800000000)
  region size 4096K, 112 young (458752K), 5 survivors (20480K)
 Metaspace       used 240746K, committed 243968K, reserved 1310720K
  class space    used 30631K, committed 32192K, reserved 1048576K
}
Event: 6571.389 GC heap after
{Heap after GC invocations=187 (full 0):
 garbage-first heap   total 868352K, used 378479K [0x0000000600000000, 0x0000000800000000)
  region size 4096K, 10 young (40960K), 10 survivors (40960K)
 Metaspace       used 240746K, committed 243968K, reserved 1310720K
  class space    used 30631K, committed 32192K, reserved 1048576K
}
Event: 6572.330 GC heap before
{Heap before GC invocations=188 (full 0):
 garbage-first heap   total 868352K, used 792175K [0x0000000600000000, 0x0000000800000000)
  region size 4096K, 113 young (462848K), 10 survivors (40960K)
 Metaspace       used 240414K, committed 243968K, reserved 1310720K
  class space    used 30538K, committed 32192K, reserved 1048576K
}
Event: 6572.369 GC heap after
{Heap after GC invocations=189 (full 0):
 garbage-first heap   total 868352K, used 388558K [0x0000000600000000, 0x0000000800000000)
  region size 4096K, 10 young (40960K), 10 survivors (40960K)
 Metaspace       used 240414K, committed 243968K, reserved 1310720K
  class space    used 30538K, committed 32192K, reserved 1048576K
}
Event: 6573.154 GC heap before
{Heap before GC invocations=189 (full 0):
 garbage-first heap   total 868352K, used 798158K [0x0000000600000000, 0x0000000800000000)
  region size 4096K, 111 young (454656K), 10 survivors (40960K)
 Metaspace       used 240418K, committed 243968K, reserved 1310720K
  class space    used 30538K, committed 32192K, reserved 1048576K
}
Event: 6573.184 GC heap after
{Heap after GC invocations=190 (full 0):
 garbage-first heap   total 868352K, used 381655K [0x0000000600000000, 0x0000000800000000)
  region size 4096K, 4 young (16384K), 4 survivors (16384K)
 Metaspace       used 240418K, committed 243968K, reserved 1310720K
  class space    used 30538K, committed 32192K, reserved 1048576K
}
Event: 6574.029 GC heap before
{Heap before GC invocations=190 (full 0):
 garbage-first heap   total 868352K, used 807639K [0x0000000600000000, 0x0000000800000000)
  region size 4096K, 109 young (446464K), 4 survivors (16384K)
 Metaspace       used 240420K, committed 243968K, reserved 1310720K
  class space    used 30538K, committed 32192K, reserved 1048576K
}
Event: 6574.041 GC heap after
{Heap after GC invocations=191 (full 0):
 garbage-first heap   total 868352K, used 386795K [0x0000000600000000, 0x0000000800000000)
  region size 4096K, 5 young (20480K), 5 survivors (20480K)
 Metaspace       used 240420K, committed 243968K, reserved 1310720K
  class space    used 30538K, committed 32192K, reserved 1048576K
}
Event: 6574.834 GC heap before
{Heap before GC invocations=192 (full 0):
 garbage-first heap   total 868352K, used 812779K [0x0000000600000000, 0x0000000800000000)
  region size 4096K, 110 young (450560K), 5 survivors (20480K)
 Metaspace       used 240423K, committed 243968K, reserved 1310720K
  class space    used 30538K, committed 32192K, reserved 1048576K
}
Event: 6574.848 GC heap after
{Heap after GC invocations=193 (full 0):
 garbage-first heap   total 868352K, used 388691K [0x0000000600000000, 0x0000000800000000)
  region size 4096K, 6 young (24576K), 6 survivors (24576K)
 Metaspace       used 240423K, committed 243968K, reserved 1310720K
  class space    used 30538K, committed 32192K, reserved 1048576K
}
Event: 6575.640 GC heap before
{Heap before GC invocations=193 (full 0):
 garbage-first heap   total 868352K, used 810579K [0x0000000600000000, 0x0000000800000000)
  region size 4096K, 110 young (450560K), 6 survivors (24576K)
 Metaspace       used 240424K, committed 243968K, reserved 1310720K
  class space    used 30539K, committed 32192K, reserved 1048576K
}

